app/build/intermediates/manifest_merge_blame_file/debug/manifest-merger-blame-debug-report.txt
1<?xml version="1.0" encoding="utf-8"?>
2<manifest xmlns:android="http://schemas.android.com/apk/res/android"
3    package="com.fastbuyapp.omar.fastbuy"
4    android:versionCode="23"
5    android:versionName="3.1.4" >
6
7    <uses-sdk
8        android:minSdkVersion="21"
8-->src/main/AndroidManifest.xml
9        android:targetSdkVersion="28" />
9-->src/main/AndroidManifest.xml
10
11    <uses-permission android:name="android.permission.READ_LOGS" />
11-->src/main/AndroidManifest.xml:6:5-8:47
11-->src/main/AndroidManifest.xml:7:9-52
12    <uses-permission android:name="android.permission.INTERNET" />
12-->src/main/AndroidManifest.xml:9:5-67
12-->src/main/AndroidManifest.xml:9:22-64
13    <uses-permission android:name="android.permission.ACCESS_COARSE_LOCATION" />
13-->src/main/AndroidManifest.xml:10:5-81
13-->src/main/AndroidManifest.xml:10:22-78
14    <uses-permission android:name="android.permission.ACCESS_NETWORK_STATE" />
14-->src/main/AndroidManifest.xml:11:5-79
14-->src/main/AndroidManifest.xml:11:22-76
15    <uses-permission android:name="android.permission.ACCESS_FINE_LOCATION" />
15-->src/main/AndroidManifest.xml:12:5-79
15-->src/main/AndroidManifest.xml:12:22-76
16    <uses-permission android:name="android.permission.VIBRATE" />
16-->src/main/AndroidManifest.xml:13:5-66
16-->src/main/AndroidManifest.xml:13:22-63
17
18    <uses-feature
18-->[com.google.android.gms:play-services-maps:17.0.0] AndroidManifest.xml:26:5-28:35
19        android:glEsVersion="0x00020000"
19-->[com.google.android.gms:play-services-maps:17.0.0] AndroidManifest.xml:27:9-41
20        android:required="true" />
20-->[com.google.android.gms:play-services-maps:17.0.0] AndroidManifest.xml:28:9-32
21
22    <uses-permission android:name="android.permission.CAMERA" />
22-->[:visanet-lib-release] AndroidManifest.xml:13:5-65
22-->[:visanet-lib-release] AndroidManifest.xml:13:22-62
23    <uses-permission android:name="android.permission.READ_PHONE_STATE" />
23-->[:visanet-lib-release] AndroidManifest.xml:14:5-75
23-->[:visanet-lib-release] AndroidManifest.xml:14:22-72
24    <uses-permission android:name="android.permission.WRITE_EXTERNAL_STORAGE" />
25    <uses-permission android:name="android.permission.READ_EXTERNAL_STORAGE" />
26    <uses-permission android:name="android.permission.WAKE_LOCK" />
26-->[androidx.work:work-runtime:2.2.0] AndroidManifest.xml:25:5-68
26-->[androidx.work:work-runtime:2.2.0] AndroidManifest.xml:25:22-65
27    <uses-permission android:name="android.permission.RECEIVE_BOOT_COMPLETED" />
27-->[androidx.work:work-runtime:2.2.0] AndroidManifest.xml:27:5-81
27-->[androidx.work:work-runtime:2.2.0] AndroidManifest.xml:27:22-78
28    <uses-permission android:name="com.google.android.finsky.permission.BIND_GET_INSTALL_REFERRER_SERVICE" /> <!-- Required by older versions of Google Play services to create IID tokens -->
28-->[com.google.android.gms:play-services-measurement:17.0.0] AndroidManifest.xml:26:5-110
28-->[com.google.android.gms:play-services-measurement:17.0.0] AndroidManifest.xml:26:22-107
29    <uses-permission android:name="com.google.android.c2dm.permission.RECEIVE" />
29-->[com.google.firebase:firebase-iid:20.0.2] AndroidManifest.xml:26:5-82
29-->[com.google.firebase:firebase-iid:20.0.2] AndroidManifest.xml:26:22-79
30
31    <uses-feature
31-->[io.card:android-sdk:5.5.0] AndroidManifest.xml:12:5-14:36
32        android:name="android.hardware.camera"
32-->[io.card:android-sdk:5.5.0] AndroidManifest.xml:13:9-47
33        android:required="false" />
33-->[io.card:android-sdk:5.5.0] AndroidManifest.xml:14:9-33
34    <uses-feature
34-->[io.card:android-sdk:5.5.0] AndroidManifest.xml:15:5-17:36
35        android:name="android.hardware.camera.autofocus"
35-->[io.card:android-sdk:5.5.0] AndroidManifest.xml:16:9-57
36        android:required="false" />
36-->[io.card:android-sdk:5.5.0] AndroidManifest.xml:17:9-33
37
38    <application
38-->src/main/AndroidManifest.xml:15:5-174:19
39        android:name="androidx.multidex.MultiDexApplication"
39-->[:visanet-lib-release] AndroidManifest.xml:18:9-61
40        android:allowBackup="true"
40-->src/main/AndroidManifest.xml:16:9-35
41        android:appComponentFactory="whateverString"
41-->src/main/AndroidManifest.xml:17:9-53
42        android:debuggable="true"
43        android:icon="@mipmap/ic_launcher"
43-->src/main/AndroidManifest.xml:18:9-43
44        android:label="@string/app_name"
44-->src/main/AndroidManifest.xml:19:9-41
45        android:screenOrientation="portrait"
45-->src/main/AndroidManifest.xml:20:9-45
46        android:supportsRtl="true"
46-->src/main/AndroidManifest.xml:21:9-35
47        android:testOnly="true"
48        android:theme="@style/AppTheme" >
48-->src/main/AndroidManifest.xml:22:9-40
49        <activity android:name="com.fastbuyapp.omar.fastbuy.SiguiendoTransporteActivity" />
49-->src/main/AndroidManifest.xml:24:9-74
49-->src/main/AndroidManifest.xml:24:19-62
50        <activity android:name="com.fastbuyapp.omar.fastbuy.ResumenTransporteActivity" />
50-->src/main/AndroidManifest.xml:25:9-63
50-->src/main/AndroidManifest.xml:25:19-60
51        <activity android:name="com.fastbuyapp.omar.fastbuy.PagoTransporteActivity" />
51-->src/main/AndroidManifest.xml:26:9-60
51-->src/main/AndroidManifest.xml:26:19-57
52        <activity android:name="com.fastbuyapp.omar.fastbuy.PendienteTaxiActivity" />
52-->src/main/AndroidManifest.xml:27:9-59
52-->src/main/AndroidManifest.xml:27:19-56
53        <activity
53-->src/main/AndroidManifest.xml:28:9-30:58
54            android:name="com.fastbuyapp.omar.fastbuy.EncuestaFastBuyActivity"
54-->src/main/AndroidManifest.xml:29:13-52
55            android:theme="@style/AppTheme.TemaPopUp2" />
55-->src/main/AndroidManifest.xml:30:13-55
56        <!--
57             The API key for Google Maps-based APIs is defined as a string resource.
58             (See the file "res/values/google_maps_api.xml").
59             Note that the API key is linked to the encryption key used to sign the APK.
60             You need a different API key for each encryption key, including the release key that is used to
61             sign the APK for publishing.
62             You can define the keys for the debug and release targets in src/debug/ and src/release/.
63        -->
64        <!--
65<activity
66            android:name=".MapsActivity"
67            android:label="@string/title_activity_maps"
68            android:theme="@style/AppTheme.TemaPopUp2"/>
69        -->
70        <activity
70-->src/main/AndroidManifest.xml:45:9-47:58
71            android:name="com.fastbuyapp.omar.fastbuy.TerminosYCondicionesActivity"
71-->src/main/AndroidManifest.xml:46:13-57
72            android:theme="@style/AppTheme.TemaPopUp2" />
72-->src/main/AndroidManifest.xml:47:13-55
73        <activity
73-->src/main/AndroidManifest.xml:48:9-51:48
74            android:name="com.facebook.FacebookActivity"
74-->src/main/AndroidManifest.xml:49:13-57
75            android:configChanges="keyboard|keyboardHidden|screenLayout|screenSize|orientation"
75-->src/main/AndroidManifest.xml:50:13-96
76            android:label="@string/app_name"
76-->src/main/AndroidManifest.xml:51:13-45
77            android:theme="@style/com_facebook_activity_theme" />
77-->[com.facebook.android:facebook-common:4.42.0] AndroidManifest.xml:32:13-63
78        <activity android:name="com.fastbuyapp.omar.fastbuy.PagoExitosoVisaActivity" />
78-->src/main/AndroidManifest.xml:52:9-61
78-->src/main/AndroidManifest.xml:52:19-58
79        <activity
79-->src/main/AndroidManifest.xml:53:9-55:55
80            android:name="com.fastbuyapp.omar.fastbuy.ChatFastBuyActivity"
80-->src/main/AndroidManifest.xml:54:13-48
81            android:windowSoftInputMode="adjustPan" />
81-->src/main/AndroidManifest.xml:55:13-52
82        <activity android:name="com.fastbuyapp.omar.fastbuy.DetallePedidoConfirmar" />
82-->src/main/AndroidManifest.xml:56:9-60
82-->src/main/AndroidManifest.xml:56:19-57
83        <activity android:name="com.fastbuyapp.omar.fastbuy.MisSaldosActivity" />
83-->src/main/AndroidManifest.xml:57:9-55
83-->src/main/AndroidManifest.xml:57:19-52
84        <activity
84-->src/main/AndroidManifest.xml:58:9-61:55
85            android:name="com.fastbuyapp.omar.fastbuy.NewDireccionActivity"
85-->src/main/AndroidManifest.xml:59:13-49
86            android:theme="@style/AppTheme.TemaPopUp2"
86-->src/main/AndroidManifest.xml:60:13-55
87            android:windowSoftInputMode="adjustPan" />
87-->src/main/AndroidManifest.xml:61:13-52
88        <activity android:name="com.fastbuyapp.omar.fastbuy.DireccionesActivity" />
88-->src/main/AndroidManifest.xml:62:9-57
88-->src/main/AndroidManifest.xml:62:19-54
89        <activity android:name="com.fastbuyapp.omar.fastbuy.SiguiendoPedidoActivity" />
89-->src/main/AndroidManifest.xml:63:9-61
89-->src/main/AndroidManifest.xml:63:19-58
90        <activity android:name="com.fastbuyapp.omar.fastbuy.DetallesPedidoActivity" />
90-->src/main/AndroidManifest.xml:64:9-60
90-->src/main/AndroidManifest.xml:64:19-57
91        <activity android:name="com.fastbuyapp.omar.fastbuy.HistorialPedidosActivity" />
91-->src/main/AndroidManifest.xml:65:9-62
91-->src/main/AndroidManifest.xml:65:19-59
92        <activity android:name="com.fastbuyapp.omar.fastbuy.TutorialActivity" />
92-->src/main/AndroidManifest.xml:66:9-54
92-->src/main/AndroidManifest.xml:66:19-51
93        <activity
93-->src/main/AndroidManifest.xml:67:9-69:55
94            android:name="com.fastbuyapp.omar.fastbuy.LoginFastBuyActivity"
94-->src/main/AndroidManifest.xml:68:13-49
95            android:windowSoftInputMode="adjustPan" />
95-->src/main/AndroidManifest.xml:69:13-52
96        <activity
96-->src/main/AndroidManifest.xml:70:9-72:58
97            android:name="com.fastbuyapp.omar.fastbuy.PersonalizaPromoActivity"
97-->src/main/AndroidManifest.xml:71:13-53
98            android:theme="@style/AppTheme.TemaPopUp2" />
98-->src/main/AndroidManifest.xml:72:13-55
99        <activity
99-->src/main/AndroidManifest.xml:73:9-76:55
100            android:name="com.fastbuyapp.omar.fastbuy.SeleccionaDireccionActivity"
100-->src/main/AndroidManifest.xml:74:13-56
101            android:theme="@style/AppTheme.TemaPopUp2"
101-->src/main/AndroidManifest.xml:75:13-55
102            android:windowSoftInputMode="adjustPan" />
102-->src/main/AndroidManifest.xml:76:13-52
103        <activity
103-->src/main/AndroidManifest.xml:77:9-79:55
104            android:name="com.fastbuyapp.omar.fastbuy.PagoEncargoActivity"
104-->src/main/AndroidManifest.xml:78:13-48
105            android:windowSoftInputMode="adjustPan" />
105-->src/main/AndroidManifest.xml:79:13-52
106        <activity
106-->src/main/AndroidManifest.xml:80:9-82:55
107            android:name="com.fastbuyapp.omar.fastbuy.CodigoQRActivity"
107-->src/main/AndroidManifest.xml:81:13-45
108            android:windowSoftInputMode="adjustPan" />
108-->src/main/AndroidManifest.xml:82:13-52
109        <activity
109-->src/main/AndroidManifest.xml:83:9-85:55
110            android:name="com.fastbuyapp.omar.fastbuy.PagoTarjetaActivity"
110-->src/main/AndroidManifest.xml:84:13-48
111            android:windowSoftInputMode="adjustPan" />
111-->src/main/AndroidManifest.xml:85:13-52
112        <activity
112-->src/main/AndroidManifest.xml:86:9-88:57
113            android:name="com.fastbuyapp.omar.fastbuy.MetodoDePagoActivity"
113-->src/main/AndroidManifest.xml:87:13-49
114            android:theme="@style/AppTheme.TemaPopUp" />
114-->src/main/AndroidManifest.xml:88:13-54
115        <activity
115-->src/main/AndroidManifest.xml:89:9-91:55
116            android:name="com.fastbuyapp.omar.fastbuy.PersonalizaPedidoActivity"
116-->src/main/AndroidManifest.xml:90:13-54
117            android:windowSoftInputMode="adjustPan" />
117-->src/main/AndroidManifest.xml:91:13-52
118        <activity
118-->src/main/AndroidManifest.xml:92:9-94:57
119            android:name="com.fastbuyapp.omar.fastbuy.CartaActivity"
119-->src/main/AndroidManifest.xml:93:13-42
120            android:theme="@style/AppTheme.TemaPopUp" />
120-->src/main/AndroidManifest.xml:94:13-54
121        <activity android:name="com.fastbuyapp.omar.fastbuy.SplashActivity" >
121-->src/main/AndroidManifest.xml:95:9-101:20
121-->src/main/AndroidManifest.xml:95:19-49
122            <intent-filter>
122-->src/main/AndroidManifest.xml:96:13-100:29
123                <action android:name="android.intent.action.MAIN" />
123-->src/main/AndroidManifest.xml:97:17-69
123-->src/main/AndroidManifest.xml:97:25-66
124
125                <category android:name="android.intent.category.LAUNCHER" />
125-->src/main/AndroidManifest.xml:99:17-77
125-->src/main/AndroidManifest.xml:99:27-74
126            </intent-filter>
127        </activity>
128        <activity
128-->src/main/AndroidManifest.xml:102:9-113:20
129            android:name="com.facebook.CustomTabActivity"
129-->src/main/AndroidManifest.xml:103:13-58
130            android:exported="true" >
130-->src/main/AndroidManifest.xml:104:13-36
131            <intent-filter>
131-->src/main/AndroidManifest.xml:105:13-112:29
132                <action android:name="android.intent.action.VIEW" />
132-->src/main/AndroidManifest.xml:106:17-69
132-->src/main/AndroidManifest.xml:106:25-66
133
134                <category android:name="android.intent.category.DEFAULT" />
134-->src/main/AndroidManifest.xml:108:17-76
134-->src/main/AndroidManifest.xml:108:27-73
135                <category android:name="android.intent.category.BROWSABLE" />
135-->src/main/AndroidManifest.xml:109:17-78
135-->src/main/AndroidManifest.xml:109:27-75
136
137                <data android:scheme="@string/fb_login_protocol_scheme" />
137-->src/main/AndroidManifest.xml:111:17-75
137-->src/main/AndroidManifest.xml:111:23-72
138            </intent-filter>
139        </activity>
140        <activity android:name="com.fastbuyapp.omar.fastbuy.Principal2Activity" />
140-->src/main/AndroidManifest.xml:114:9-56
140-->src/main/AndroidManifest.xml:114:19-53
141        <activity android:name="com.fastbuyapp.omar.fastbuy.Confirmado" />
141-->src/main/AndroidManifest.xml:115:9-48
141-->src/main/AndroidManifest.xml:115:19-45
142        <activity
142-->src/main/AndroidManifest.xml:116:9-119:40
143            android:name="com.fastbuyapp.omar.fastbuy.LoginActivity"
143-->src/main/AndroidManifest.xml:117:13-42
144            android:label="@string/app_name"
144-->src/main/AndroidManifest.xml:118:13-45
145            android:noHistory="true" /> <!-- <activity android:name=".PortadaActivity" /> -->
145-->src/main/AndroidManifest.xml:119:13-37
146        <activity android:name="com.fastbuyapp.omar.fastbuy.FacebookActivity" />
146-->src/main/AndroidManifest.xml:120:9-54
146-->src/main/AndroidManifest.xml:120:19-51
147        <!--
148 ATTENTION: This was auto-generated to add Google Play services to your project for
149     App Indexing.  See https://g.co/AppIndexing/AndroidStudio for more information.
150        -->
151        <activity android:name="com.fastbuyapp.omar.fastbuy.MensajeActivity" />
151-->src/main/AndroidManifest.xml:125:9-53
151-->src/main/AndroidManifest.xml:125:19-50
152        <activity android:name="com.fastbuyapp.omar.fastbuy.OpcionLoginActivity" />
152-->src/main/AndroidManifest.xml:126:9-57
152-->src/main/AndroidManifest.xml:126:19-54
153        <activity android:name="com.fastbuyapp.omar.fastbuy.PrincipalActivity" />
153-->src/main/AndroidManifest.xml:127:9-55
153-->src/main/AndroidManifest.xml:127:19-52
154        <activity android:name="com.fastbuyapp.omar.fastbuy.IngresaNumeroActivity" />
154-->src/main/AndroidManifest.xml:128:9-59
154-->src/main/AndroidManifest.xml:128:19-56
155        <activity android:name="com.fastbuyapp.omar.fastbuy.VerificacionLoginActivity" />
155-->src/main/AndroidManifest.xml:129:9-63
155-->src/main/AndroidManifest.xml:129:19-60
156        <activity android:name="com.fastbuyapp.omar.fastbuy.CiudadActivity" />
156-->src/main/AndroidManifest.xml:130:9-52
156-->src/main/AndroidManifest.xml:130:19-49
157        <activity android:name="com.fastbuyapp.omar.fastbuy.ActivityDesconectado" />
157-->src/main/AndroidManifest.xml:131:9-58
157-->src/main/AndroidManifest.xml:131:19-55
158        <activity android:name="com.fastbuyapp.omar.fastbuy.DeliveryActivity" />
158-->src/main/AndroidManifest.xml:132:9-54
158-->src/main/AndroidManifest.xml:132:19-51
159        <activity android:name="com.fastbuyapp.omar.fastbuy.TransporteActivity" />
159-->src/main/AndroidManifest.xml:133:9-56
159-->src/main/AndroidManifest.xml:133:19-53
160        <activity
160-->src/main/AndroidManifest.xml:134:9-136:55
161            android:name="com.fastbuyapp.omar.fastbuy.EncargoActivity"
161-->src/main/AndroidManifest.xml:135:13-44
162            android:windowSoftInputMode="adjustPan" />
162-->src/main/AndroidManifest.xml:136:13-52
163        <activity android:name="com.fastbuyapp.omar.fastbuy.HoteleriaActivity" />
163-->src/main/AndroidManifest.xml:137:9-55
163-->src/main/AndroidManifest.xml:137:19-52
164        <activity android:name="com.fastbuyapp.omar.fastbuy.PideloActivity" />
164-->src/main/AndroidManifest.xml:138:9-52
164-->src/main/AndroidManifest.xml:138:19-49
165        <activity android:name="com.fastbuyapp.omar.fastbuy.EstablecimientoActivity" />
165-->src/main/AndroidManifest.xml:139:9-61
165-->src/main/AndroidManifest.xml:139:19-58
166        <activity android:name="com.fastbuyapp.omar.fastbuy.ProductosActivity" />
166-->src/main/AndroidManifest.xml:140:9-55
166-->src/main/AndroidManifest.xml:140:19-52
167        <activity android:name="com.fastbuyapp.omar.fastbuy.UserActivity" />
167-->src/main/AndroidManifest.xml:141:9-50
167-->src/main/AndroidManifest.xml:141:19-47
168        <activity android:name="com.fastbuyapp.omar.fastbuy.FavoritosActivity" />
168-->src/main/AndroidManifest.xml:142:9-55
168-->src/main/AndroidManifest.xml:142:19-52
169        <activity android:name="com.fastbuyapp.omar.fastbuy.CarritoActivity" />
169-->src/main/AndroidManifest.xml:143:9-53
169-->src/main/AndroidManifest.xml:143:19-50
170
171        <meta-data
171-->src/main/AndroidManifest.xml:145:9-147:55
172            android:name="com.google.android.geo.API_KEY"
172-->src/main/AndroidManifest.xml:146:13-58
173            android:value="@string/google_maps_key" />
173-->src/main/AndroidManifest.xml:147:13-52
174        <meta-data
174-->src/main/AndroidManifest.xml:148:9-150:55
175            android:name="com.facebook.sdk.ApplicationId"
175-->src/main/AndroidManifest.xml:149:13-58
176            android:value="@string/facebook_app_id" />
176-->src/main/AndroidManifest.xml:150:13-52
177        <meta-data
177-->src/main/AndroidManifest.xml:151:9-153:69
178            android:name="com.google.android.gms.version"
178-->src/main/AndroidManifest.xml:152:13-58
179            android:value="@integer/google_play_services_version" />
179-->src/main/AndroidManifest.xml:153:13-66
180        <meta-data
180-->src/main/AndroidManifest.xml:154:9-156:59
181            android:name="com.google.firebase.messaging.default_notification_icon"
181-->src/main/AndroidManifest.xml:155:13-83
182            android:resource="@drawable/logo_fastbuy_2" />
182-->src/main/AndroidManifest.xml:156:13-56
183        <meta-data
183-->src/main/AndroidManifest.xml:154:9-156:59
184            android:name="com.google.firebase.messaging.default_notification_icon"
184-->src/main/AndroidManifest.xml:155:13-83
185            android:resource="@drawable/logo_fastbuy_2" />
185-->src/main/AndroidManifest.xml:156:13-56
186        <meta-data
186-->src/main/AndroidManifest.xml:160:9-162:49
187            android:name="com.google.firebase.messaging.default_notification_color"
187-->src/main/AndroidManifest.xml:161:13-84
188            android:resource="@color/fastbuy" />
188-->src/main/AndroidManifest.xml:162:13-46
189
190        <service
190-->src/main/AndroidManifest.xml:164:9-170:19
191            android:name="com.fastbuyapp.omar.fastbuy.MyFirebaseMessagingService"
191-->src/main/AndroidManifest.xml:165:13-55
192            android:exported="false" >
192-->src/main/AndroidManifest.xml:166:13-37
193            <intent-filter>
193-->src/main/AndroidManifest.xml:167:13-169:29
194                <action android:name="com.google.firebase.MESSAGING_EVENT" />
194-->src/main/AndroidManifest.xml:168:17-78
194-->src/main/AndroidManifest.xml:168:25-75
195            </intent-filter>
196        </service>
197        <service
197-->src/main/AndroidManifest.xml:171:9-173:38
198            android:name="com.fastbuyapp.omar.fastbuy.BackgroundChat"
198-->src/main/AndroidManifest.xml:172:13-43
199            android:enabled="true" />
199-->src/main/AndroidManifest.xml:173:13-35
200
201        <activity android:name="com.facebook.CustomTabMainActivity" /> <!-- Needs to be explicitly declared on P+ -->
201-->[com.facebook.android:facebook-common:4.42.0] AndroidManifest.xml:33:9-71
201-->[com.facebook.android:facebook-common:4.42.0] AndroidManifest.xml:33:19-68
202        <uses-library
202-->[com.google.android.gms:play-services-maps:17.0.0] AndroidManifest.xml:33:9-35:40
203            android:name="org.apache.http.legacy"
203-->[com.google.android.gms:play-services-maps:17.0.0] AndroidManifest.xml:34:13-50
204            android:required="false" />
204-->[com.google.android.gms:play-services-maps:17.0.0] AndroidManifest.xml:35:13-37
205
206        <activity
206-->[:visanet-lib-release] AndroidManifest.xml:21:9-26:70
207            android:name="lib.visanet.com.pe.visanetlib.presentation.ui.VisaNetAuthorizationActivity"
207-->[:visanet-lib-release] AndroidManifest.xml:22:13-102
208            android:configChanges="keyboardHidden|orientation|screenSize"
208-->[:visanet-lib-release] AndroidManifest.xml:23:13-74
209            android:screenOrientation="portrait"
209-->[:visanet-lib-release] AndroidManifest.xml:24:13-49
210            android:theme="@style/VisaNetTranslucent"
210-->[:visanet-lib-release] AndroidManifest.xml:25:13-54
211            android:windowSoftInputMode="stateHidden|adjustResize" />
211-->[:visanet-lib-release] AndroidManifest.xml:26:13-67
212        <activity
212-->[:visanet-lib-release] AndroidManifest.xml:27:9-33:20
213            android:name="lib.visanet.com.pe.visanetlib.presentation.ui.VisaNetValidateActivity"
213-->[:visanet-lib-release] AndroidManifest.xml:28:13-97
214            android:configChanges="keyboardHidden|orientation|screenSize"
214-->[:visanet-lib-release] AndroidManifest.xml:29:13-74
215            android:screenOrientation="portrait"
215-->[:visanet-lib-release] AndroidManifest.xml:30:13-49
216            android:theme="@style/VisaNetTranslucent"
216-->[:visanet-lib-release] AndroidManifest.xml:31:13-54
217            android:windowSoftInputMode="stateHidden|adjustResize" >
217-->[:visanet-lib-release] AndroidManifest.xml:32:13-67
218        </activity>
219        <!--
220             FirebaseMessagingService performs security checks at runtime,
221             but set to not exported to explicitly avoid allowing another app to call it.
222        -->
223        <service
223-->[com.google.firebase:firebase-messaging:20.1.0] AndroidManifest.xml:28:9-34:19
224            android:name="com.google.firebase.messaging.FirebaseMessagingService"
224-->[com.google.firebase:firebase-messaging:20.1.0] AndroidManifest.xml:29:13-82
225            android:exported="false" >
225-->[com.google.firebase:firebase-messaging:20.1.0] AndroidManifest.xml:30:13-37
226            <intent-filter android:priority="-500" >
226-->src/main/AndroidManifest.xml:167:13-169:29
227                <action android:name="com.google.firebase.MESSAGING_EVENT" />
227-->src/main/AndroidManifest.xml:168:17-78
227-->src/main/AndroidManifest.xml:168:25-75
228            </intent-filter>
229        </service>
230        <service
230-->[com.google.firebase:firebase-messaging:20.1.0] AndroidManifest.xml:35:9-41:19
231            android:name="com.google.firebase.components.ComponentDiscoveryService"
231-->[com.google.firebase:firebase-messaging:20.1.0] AndroidManifest.xml:36:13-84
232            android:directBootAware="true"
232-->[com.google.firebase:firebase-common:19.3.0] AndroidManifest.xml:34:13-43
233            android:exported="false" >
233-->[com.google.firebase:firebase-messaging:20.1.0] AndroidManifest.xml:37:13-37
234            <meta-data
234-->[com.google.firebase:firebase-messaging:20.1.0] AndroidManifest.xml:38:13-40:85
235                android:name="com.google.firebase.components:com.google.firebase.messaging.FirebaseMessagingRegistrar"
235-->[com.google.firebase:firebase-messaging:20.1.0] AndroidManifest.xml:39:17-119
236                android:value="com.google.firebase.components.ComponentRegistrar" />
236-->[com.google.firebase:firebase-messaging:20.1.0] AndroidManifest.xml:40:17-82
237            <meta-data
237-->[com.google.android.gms:play-services-measurement-api:17.0.0] AndroidManifest.xml:30:13-32:85
238                android:name="com.google.firebase.components:com.google.firebase.analytics.connector.internal.AnalyticsConnectorRegistrar"
238-->[com.google.android.gms:play-services-measurement-api:17.0.0] AndroidManifest.xml:31:17-139
239                android:value="com.google.firebase.components.ComponentRegistrar" />
239-->[com.google.android.gms:play-services-measurement-api:17.0.0] AndroidManifest.xml:32:17-82
240            <meta-data
240-->[com.google.firebase:firebase-iid:20.0.2] AndroidManifest.xml:32:13-34:85
241                android:name="com.google.firebase.components:com.google.firebase.iid.Registrar"
241-->[com.google.firebase:firebase-iid:20.0.2] AndroidManifest.xml:33:17-96
242                android:value="com.google.firebase.components.ComponentRegistrar" />
242-->[com.google.firebase:firebase-iid:20.0.2] AndroidManifest.xml:34:17-82
243            <meta-data
243-->[com.google.firebase:firebase-auth:17.0.0] AndroidManifest.xml:36:13-38:85
244                android:name="com.google.firebase.components:com.google.firebase.auth.FirebaseAuthRegistrar"
244-->[com.google.firebase:firebase-auth:17.0.0] AndroidManifest.xml:37:17-109
245                android:value="com.google.firebase.components.ComponentRegistrar" />
245-->[com.google.firebase:firebase-auth:17.0.0] AndroidManifest.xml:38:17-82
246            <meta-data
246-->[com.google.firebase:firebase-database:17.0.0] AndroidManifest.xml:30:13-32:85
247                android:name="com.google.firebase.components:com.google.firebase.database.DatabaseRegistrar"
247-->[com.google.firebase:firebase-database:17.0.0] AndroidManifest.xml:31:17-109
248                android:value="com.google.firebase.components.ComponentRegistrar" />
248-->[com.google.firebase:firebase-database:17.0.0] AndroidManifest.xml:32:17-82
249            <meta-data
249-->[com.google.firebase:firebase-storage:17.0.0] AndroidManifest.xml:31:13-33:85
250                android:name="com.google.firebase.components:com.google.firebase.storage.StorageRegistrar"
250-->[com.google.firebase:firebase-storage:17.0.0] AndroidManifest.xml:32:17-107
251                android:value="com.google.firebase.components.ComponentRegistrar" />
251-->[com.google.firebase:firebase-storage:17.0.0] AndroidManifest.xml:33:17-82
252            <meta-data
252-->[com.google.firebase:firebase-datatransport:17.0.3] AndroidManifest.xml:28:13-30:85
253                android:name="com.google.firebase.components:com.google.firebase.datatransport.TransportRegistrar"
253-->[com.google.firebase:firebase-datatransport:17.0.3] AndroidManifest.xml:29:17-115
254                android:value="com.google.firebase.components.ComponentRegistrar" />
254-->[com.google.firebase:firebase-datatransport:17.0.3] AndroidManifest.xml:30:17-82
255        </service>
256
257        <provider
257-->[androidx.work:work-runtime:2.2.0] AndroidManifest.xml:30:9-36:35
258            android:name="androidx.work.impl.WorkManagerInitializer"
258-->[androidx.work:work-runtime:2.2.0] AndroidManifest.xml:31:13-69
259            android:authorities="com.fastbuyapp.omar.fastbuy.workmanager-init"
259-->[androidx.work:work-runtime:2.2.0] AndroidManifest.xml:32:13-68
260            android:directBootAware="false"
260-->[androidx.work:work-runtime:2.2.0] AndroidManifest.xml:33:13-44
261            android:exported="false"
261-->[androidx.work:work-runtime:2.2.0] AndroidManifest.xml:34:13-37
262            android:multiprocess="true" />
262-->[androidx.work:work-runtime:2.2.0] AndroidManifest.xml:35:13-40
263
264        <service
264-->[androidx.work:work-runtime:2.2.0] AndroidManifest.xml:38:9-43:35
265            android:name="androidx.work.impl.background.systemalarm.SystemAlarmService"
265-->[androidx.work:work-runtime:2.2.0] AndroidManifest.xml:39:13-88
266            android:directBootAware="false"
266-->[androidx.work:work-runtime:2.2.0] AndroidManifest.xml:40:13-44
267            android:enabled="@bool/enable_system_alarm_service_default"
267-->[androidx.work:work-runtime:2.2.0] AndroidManifest.xml:41:13-72
268            android:exported="false" />
268-->[androidx.work:work-runtime:2.2.0] AndroidManifest.xml:42:13-37
269        <service
269-->[androidx.work:work-runtime:2.2.0] AndroidManifest.xml:44:9-50:35
270            android:name="androidx.work.impl.background.systemjob.SystemJobService"
270-->[androidx.work:work-runtime:2.2.0] AndroidManifest.xml:45:13-84
271            android:directBootAware="false"
271-->[androidx.work:work-runtime:2.2.0] AndroidManifest.xml:46:13-44
272            android:enabled="@bool/enable_system_job_service_default"
272-->[androidx.work:work-runtime:2.2.0] AndroidManifest.xml:47:13-70
273            android:exported="true"
273-->[androidx.work:work-runtime:2.2.0] AndroidManifest.xml:48:13-36
274            android:permission="android.permission.BIND_JOB_SERVICE" />
274-->[androidx.work:work-runtime:2.2.0] AndroidManifest.xml:49:13-69
275
276        <receiver
276-->[androidx.work:work-runtime:2.2.0] AndroidManifest.xml:52:9-57:35